生成启动时间为 2020/12/30 9:57:26。
     1>项目“C:\Users\Administrator\Desktop\c++Project\SourceCode\MSVCLibrary\Install\Project\Install100.vcxproj”在节点 2 上(rebuild 个目标)。
     1>InitializeBuildStatus:
         正在创建“Debug\Install.unsuccessfulbuild”，因为已指定“AlwaysCreate”。
       PostBuildEvent:
         Install.cmd Debug Win32 D:\IDE\Utility\v100 MSVCLibrary
         :VCEnd
         configure=Debug platform=Win32 install_dir=D:\IDE\Utility\v100 pwd=C:\Users\Administrator\Desktop\c++Project\SourceCode\MSVCLibrary\Install\Project solutionName=MSVCLibrary
         子目录或文件 D:\IDE\Utility\v100 已经存在。
         ====================Project:[MSVCLibrary]========================
         找不到文件 - *.h
         复制了 0 个文件
         找不到文件 - *.lib
         复制了 0 个文件
         找不到文件 - *.dll
         复制了 0 个文件
         找不到文件 - *.exe
         复制了 0 个文件
         找不到文件 - *.pdb
         复制了 0 个文件
         ------------------------------------------------------------------------------
         请按任意键继续. . . 
       FinalizeBuildStatus:
         正在删除文件“Debug\Install.unsuccessfulbuild”。
         正在对“Debug\Install.lastbuildstate”执行 Touch 任务。
     1>已完成生成项目“C:\Users\Administrator\Desktop\c++Project\SourceCode\MSVCLibrary\Install\Project\Install100.vcxproj”(rebuild 个目标)的操作。

生成成功。

已用时间 00:00:00.41
